Running: fuse.exe -relaunch -intstyle "ise" -incremental -lib "unisims_ver" -lib "unimacro_ver" -lib "xilinxcorelib_ver" -o "D:/Workspace/CECS-341/Lab3-RFandALU/RFandALUwithRTypeSupport_Tester_isim_beh.exe" -prj "D:/Workspace/CECS-341/Lab3-RFandALU/RFandALUwithRTypeSupport_Tester_beh.prj" "work.RFandALUwithRTypeSupport_Tester" "work.glbl" 
ISim P.20131013 (signature 0x7708f090)
Number of CPUs detected in this system: 8
Turning on mult-threading, number of parallel sub-compilation jobs: 16 
Determining compilation order of HDL files
Analyzing Verilog file "D:/Workspace/CECS-341/Lab3-RFandALU/LEGv8.v" into library work
Analyzing Verilog file "D:/Workspace/CECS-341/Lab3-RFandALU/ALUControl.v" into library work
Analyzing Verilog file "D:/Workspace/CECS-341/Lab3-RFandALU/registerfile.v" into library work
Analyzing Verilog file "D:/Workspace/CECS-341/Lab3-RFandALU/ALUwithControl.v" into library work
Analyzing Verilog file "D:/Workspace/CECS-341/Lab3-RFandALU/RFandALUwithRTypeSupport.v" into library work
Analyzing Verilog file "D:/Workspace/CECS-341/Lab3-RFandALU/RFandALUwithRTypeSupport_Tester.v" into library work
Analyzing Verilog file "D:/Xilinx/14.7/ISE_DS/ISE//verilog/src/glbl.v" into library work
Starting static elaboration
Completed static elaboration
Compiling module ALUControl
Compiling module LEGv8
Compiling module ALUwithControl
Compiling module registerfile
Compiling module RFandALUwithRTypeSupport
Compiling module RFandALUwithRTypeSupport_Tester
Compiling module glbl
Time Resolution for simulation is 1ps.
Waiting for 1 sub-compilation(s) to finish...
Compiled 7 Verilog Units
Built simulation executable D:/Workspace/CECS-341/Lab3-RFandALU/RFandALUwithRTypeSupport_Tester_isim_beh.exe
Fuse Memory Usage: 28344 KB
Fuse CPU Usage: 437 ms
