ISim log file
Running: D:\Workspace\CECS-341\Lab3-RFandALU\RFandALUwithRTypeSupport_Tester_isim_beh.exe -intstyle ise -gui -tclbatch isim.cmd -wdb D:/Workspace/CECS-341/Lab3-RFandALU/RFandALUwithRTypeSupport_Tester_isim_beh.wdb 
ISim P.20131013 (signature 0x7708f090)
This is a Full version of ISim.
Time resolution is 1 ps
# onerror resume
# wave add /
# run 1000 ns
Simulator is doing circuit initialization process.
Finished circuit initialization process.
Stopped at time : 145 ns :  in File "D:/Workspace/CECS-341/Lab3-RFandALU/RFandALUwithRTypeSupport_Tester.v" Line 117 
ISim P.20131013 (signature 0x7708f090)
This is a Full version of ISim.
# run 1000 ns
Simulator is doing circuit initialization process.
Finished circuit initialization process.
Stopped at time : 145 ns :  in File "D:/Workspace/CECS-341/Lab3-RFandALU/RFandALUwithRTypeSupport_Tester.v" Line 119 
ISim P.20131013 (signature 0x7708f090)
This is a Full version of ISim.
# run 1000 ns
Simulator is doing circuit initialization process.
Finished circuit initialization process.
Stopped at time : 50 ns :  in File "D:/Workspace/CECS-341/Lab3-RFandALU/RFandALUwithRTypeSupport_Tester.v" Line 70 
ISim P.20131013 (signature 0x7708f090)
This is a Full version of ISim.
# run 1000 ns
Simulator is doing circuit initialization process.
Finished circuit initialization process.
Stopped at time : 50 ns :  in File "D:/Workspace/CECS-341/Lab3-RFandALU/RFandALUwithRTypeSupport_Tester.v" Line 70 
ISim P.20131013 (signature 0x7708f090)
This is a Full version of ISim.
# run 1000 ns
Simulator is doing circuit initialization process.
Finished circuit initialization process.
Stopped at time : 60 ns :  in File "D:/Workspace/CECS-341/Lab3-RFandALU/RFandALUwithRTypeSupport_Tester.v" Line 70 
ISim P.20131013 (signature 0x7708f090)
This is a Full version of ISim.
# run 1000 ns
Simulator is doing circuit initialization process.
Finished circuit initialization process.
Stopped at time : 60 ns :  in File "D:/Workspace/CECS-341/Lab3-RFandALU/RFandALUwithRTypeSupport_Tester.v" Line 70 
ISim P.20131013 (signature 0x7708f090)
This is a Full version of ISim.
# run 1000 ns
Simulator is doing circuit initialization process.
Finished circuit initialization process.
Stopped at time : 60 ns :  in File "D:/Workspace/CECS-341/Lab3-RFandALU/RFandALUwithRTypeSupport_Tester.v" Line 70 
