Running: fuse.exe -relaunch -intstyle "ise" -incremental -lib "unisims_ver" -lib "unimacro_ver" -lib "xilinxcorelib_ver" -lib "secureip" -o "D:/Workspace/CECS-341/Lab8-PipelinedARMProcessor/Top8_Tester_isim_beh.exe" -prj "D:/Workspace/CECS-341/Lab8-PipelinedARMProcessor/Top8_Tester_beh.prj" "work.Top8_Tester" "work.glbl" 
ISim P.20131013 (signature 0x7708f090)
Number of CPUs detected in this system: 8
Turning on mult-threading, number of parallel sub-compilation jobs: 16 
Determining compilation order of HDL files
Analyzing Verilog file "D:/Workspace/CECS-341/Lab8-PipelinedARMProcessor/LEGv8.v" into library work
Analyzing Verilog file "D:/Workspace/CECS-341/Lab8-PipelinedARMProcessor/ALUControl.v" into library work
Analyzing Verilog file "D:/Workspace/CECS-341/Lab8-PipelinedARMProcessor/SignedExtender.v" into library work
Analyzing Verilog file "D:/Workspace/CECS-341/Lab8-PipelinedARMProcessor/registerfile.v" into library work
Analyzing Verilog file "D:/Workspace/CECS-341/Lab8-PipelinedARMProcessor/PC.v" into library work
Analyzing Verilog file "D:/Workspace/CECS-341/Lab8-PipelinedARMProcessor/Mux2to1.v" into library work
Analyzing Verilog file "D:/Workspace/CECS-341/Lab8-PipelinedARMProcessor/MEMWB_PR.v" into library work
Analyzing Verilog file "D:/Workspace/CECS-341/Lab8-PipelinedARMProcessor/InstructionMemory.v" into library work
Analyzing Verilog file "D:/Workspace/CECS-341/Lab8-PipelinedARMProcessor/InstructionDecoder.v" into library work
Analyzing Verilog file "D:/Workspace/CECS-341/Lab8-PipelinedARMProcessor/IFID_PR.v" into library work
Analyzing Verilog file "D:/Workspace/CECS-341/Lab8-PipelinedARMProcessor/IDEX_PR.v" into library work
Analyzing Verilog file "D:/Workspace/CECS-341/Lab8-PipelinedARMProcessor/EXMEM_PR.v" into library work
Analyzing Verilog file "D:/Workspace/CECS-341/Lab8-PipelinedARMProcessor/DataMemory.v" into library work
Analyzing Verilog file "D:/Workspace/CECS-341/Lab8-PipelinedARMProcessor/ALUwithControl.v" into library work
Analyzing Verilog file "D:/Workspace/CECS-341/Lab8-PipelinedARMProcessor/Top8.v" into library work
Analyzing Verilog file "D:/Workspace/CECS-341/Lab8-PipelinedARMProcessor/Top8_Tester.v" into library work
Analyzing Verilog file "D:/Xilinx/14.7/ISE_DS/ISE//verilog/src/glbl.v" into library work
Starting static elaboration
WARNING:HDLCompiler:189 - "D:/Workspace/CECS-341/Lab8-PipelinedARMProcessor/Top8.v" Line 45: Size mismatch in connection of port <A>. Formal port size is 64-bit while actual signal size is 5-bit.
WARNING:HDLCompiler:189 - "D:/Workspace/CECS-341/Lab8-PipelinedARMProcessor/Top8.v" Line 46: Size mismatch in connection of port <SEin>. Formal port size is 32-bit while actual signal size is 96-bit.
WARNING:HDLCompiler:189 - "D:/Workspace/CECS-341/Lab8-PipelinedARMProcessor/Top8.v" Line 63: Size mismatch in connection of port <Address>. Formal port size is 8-bit while actual signal size is 64-bit.
Completed static elaboration
Compiling module PC
Compiling module InstructionMemory
Compiling module IFID_PR
Compiling module InstructionDecoder
Compiling module Mux2to1
Compiling module SignedExtender
Compiling module registerfile
Compiling module IDEX_PR
Compiling module ALUControl
Compiling module LEGv8
Compiling module ALUwithControl
Compiling module EXMEM_PR
Compiling module DataMemory
Compiling module MEMWB_PR
Compiling module Top8
Compiling module Top8_Tester
Compiling module glbl
Time Resolution for simulation is 1ps.
Waiting for 1 sub-compilation(s) to finish...
Compiled 17 Verilog Units
Built simulation executable D:/Workspace/CECS-341/Lab8-PipelinedARMProcessor/Top8_Tester_isim_beh.exe
Fuse Memory Usage: 50312 KB
Fuse CPU Usage: 906 ms
