Release 14.7 - xst P.20131013 (nt)
Copyright (c) 1995-2013 Xilinx, Inc.  All rights reserved.
--> Parameter TMPDIR set to xst/projnav.tmp


Total REAL time to Xst completion: 0.00 secs
Total CPU time to Xst completion: 0.16 secs
 
--> Parameter xsthdpdir set to xst


Total REAL time to Xst completion: 0.00 secs
Total CPU time to Xst completion: 0.16 secs
 
--> Reading design: RFandALUwithRTypeSupport.prj

TABLE OF CONTENTS
  1) Synthesis Options Summary
  2) HDL Parsing
  3) HDL Elaboration
  4) HDL Synthesis
       4.1) HDL Synthesis Report
  5) Advanced HDL Synthesis
       5.1) Advanced HDL Synthesis Report
  6) Low Level Synthesis
  7) Partition Report
  8) Design Summary
       8.1) Primitive and Black Box Usage
       8.2) Device utilization summary
       8.3) Partition Resource Summary
       8.4) Timing Report
            8.4.1) Clock Information
            8.4.2) Asynchronous Control Signals Information
            8.4.3) Timing Summary
            8.4.4) Timing Details
            8.4.5) Cross Clock Domains Report


=========================================================================
*                      Synthesis Options Summary                        *
=========================================================================
---- Source Parameters
Input File Name                    : "RFandALUwithRTypeSupport.prj"
Ignore Synthesis Constraint File   : NO

---- Target Parameters
Output File Name                   : "RFandALUwithRTypeSupport"
Output Format                      : NGC
Target Device                      : xa7a100t-2I-csg324

---- Source Options
Top Module Name                    : RFandALUwithRTypeSupport
Automatic FSM Extraction           : YES
FSM Encoding Algorithm             : Auto
Safe Implementation                : No
FSM Style                          : LUT
RAM Extraction                     : Yes
RAM Style                          : Auto
ROM Extraction                     : Yes
Shift Register Extraction          : YES
ROM Style                          : Auto
Resource Sharing                   : YES
Asynchronous To Synchronous        : NO
Shift Register Minimum Size        : 2
Use DSP Block                      : Auto
Automatic Register Balancing       : No

---- Target Options
LUT Combining                      : Auto
Reduce Control Sets                : Auto
Add IO Buffers                     : YES
Global Maximum Fanout              : 100000
Add Generic Clock Buffer(BUFG)     : 32
Register Duplication               : YES
Optimize Instantiated Primitives   : NO
Use Clock Enable                   : Auto
Use Synchronous Set                : Auto
Use Synchronous Reset              : Auto
Pack IO Registers into IOBs        : Auto
Equivalent register Removal        : YES

---- General Options
Optimization Goal                  : Speed
Optimization Effort                : 1
Power Reduction                    : NO
Keep Hierarchy                     : No
Netlist Hierarchy                  : As_Optimized
RTL Output                         : Yes
Global Optimization                : AllClockNets
Read Cores                         : YES
Write Timing Constraints           : NO
Cross Clock Analysis               : NO
Hierarchy Separator                : /
Bus Delimiter                      : <>
Case Specifier                     : Maintain
Slice Utilization Ratio            : 100
BRAM Utilization Ratio             : 100
DSP48 Utilization Ratio            : 100
Auto BRAM Packing                  : NO
Slice Utilization Ratio Delta      : 5

=========================================================================


=========================================================================
*                          HDL Parsing                                  *
=========================================================================
Analyzing Verilog file "D:\Workspace\CECS-341\Lab4B-RFALUDM-LoadOperation\LEGv8.v" into library work
Parsing module <LEGv8>.
Analyzing Verilog file "D:\Workspace\CECS-341\Lab4B-RFALUDM-LoadOperation\ALUControl.v" into library work
Parsing module <ALUControl>.
Analyzing Verilog file "D:\Workspace\CECS-341\Lab4B-RFALUDM-LoadOperation\registerfile.v" into library work
Parsing module <registerfile>.
Analyzing Verilog file "D:\Workspace\CECS-341\Lab4B-RFALUDM-LoadOperation\ALUwithControl.v" into library work
Parsing module <ALUwithControl>.
Analyzing Verilog file "D:\Workspace\CECS-341\Lab4B-RFALUDM-LoadOperation\RFandALUwithRTypeSupport.v" into library work
Parsing module <RFandALUwithRTypeSupport>.

=========================================================================
*                            HDL Elaboration                            *
=========================================================================

Elaborating module <RFandALUwithRTypeSupport>.

Elaborating module <ALUwithControl>.

Elaborating module <ALUControl>.

Elaborating module <LEGv8>.

Elaborating module <registerfile>.

=========================================================================
*                           HDL Synthesis                               *
=========================================================================

Synthesizing Unit <RFandALUwithRTypeSupport>.
    Related source file is "D:\Workspace\CECS-341\Lab4B-RFALUDM-LoadOperation\RFandALUwithRTypeSupport.v".
    Summary:
	no macro.
Unit <RFandALUwithRTypeSupport> synthesized.

Synthesizing Unit <ALUwithControl>.
    Related source file is "D:\Workspace\CECS-341\Lab4B-RFALUDM-LoadOperation\ALUwithControl.v".
    Summary:
	no macro.
Unit <ALUwithControl> synthesized.

Synthesizing Unit <ALUControl>.
    Related source file is "D:\Workspace\CECS-341\Lab4B-RFALUDM-LoadOperation\ALUControl.v".
    Summary:
	no macro.
Unit <ALUControl> synthesized.

Synthesizing Unit <LEGv8>.
    Related source file is "D:\Workspace\CECS-341\Lab4B-RFALUDM-LoadOperation\LEGv8.v".
    Found 64-bit subtractor for signal <A[63]_B[63]_sub_5_OUT> created at line 15.
    Found 64-bit adder for signal <A[63]_B[63]_add_3_OUT> created at line 14.
    Summary:
	inferred   2 Adder/Subtractor(s).
Unit <LEGv8> synthesized.

Synthesizing Unit <registerfile>.
    Related source file is "D:\Workspace\CECS-341\Lab4B-RFALUDM-LoadOperation\registerfile.v".
    Found 32x64-bit dual-port RAM <Mram_RF> for signal <RF>.
    Summary:
	inferred   2 RAM(s).
Unit <registerfile> synthesized.

=========================================================================
HDL Synthesis Report

Macro Statistics
# RAMs                                                 : 2
 32x64-bit dual-port RAM                               : 2
# Adders/Subtractors                                   : 2
 64-bit adder                                          : 1
 64-bit subtractor                                     : 1

=========================================================================

=========================================================================
*                       Advanced HDL Synthesis                          *
=========================================================================

WARNING:Xst - The specified part-type was not generated at build time. XST is loading the full part-type and will therefore consume more CPU and memory.
Loading device for application Rf_Device from file '7a100t.nph' in environment D:\Xilinx\14.7\ISE_DS\ISE\.
Loading device for application Rf_Device from file '7a100t.nph' in environment D:\Xilinx\14.7\ISE_DS\ISE\.

Synthesizing (advanced) Unit <registerfile>.
INFO:Xst:3218 - HDL ADVISOR - The RAM <Mram_RF> will be implemented on LUTs either because you have described an asynchronous read or because of currently unsupported block RAM features. If you have described an asynchronous read, making it synchronous would allow you to take advantage of available block RAM resources, for optimized device usage and improved timings. Please refer to your documentation for coding guidelines.
    -----------------------------------------------------------------------
    | ram_type           | Distributed                         |          |
    -----------------------------------------------------------------------
    | Port A                                                              |
    |     aspect ratio   | 32-word x 64-bit                    |          |
    |     clkA           | connected to signal <clock>         | rise     |
    |     weA            | connected to signal <RegWrite>      | high     |
    |     addrA          | connected to signal <WriteReg>      |          |
    |     diA            | connected to signal <WriteData>     |          |
    -----------------------------------------------------------------------
    | Port B                                                              |
    |     aspect ratio   | 32-word x 64-bit                    |          |
    |     addrB          | connected to signal <Read1>         |          |
    |     doB            | connected to signal <Data1>         |          |
    -----------------------------------------------------------------------
INFO:Xst:3218 - HDL ADVISOR - The RAM <Mram_RF1> will be implemented on LUTs either because you have described an asynchronous read or because of currently unsupported block RAM features. If you have described an asynchronous read, making it synchronous would allow you to take advantage of available block RAM resources, for optimized device usage and improved timings. Please refer to your documentation for coding guidelines.
    -----------------------------------------------------------------------
    | ram_type           | Distributed                         |          |
    -----------------------------------------------------------------------
    | Port A                                                              |
    |     aspect ratio   | 32-word x 64-bit                    |          |
    |     clkA           | connected to signal <clock>         | rise     |
    |     weA            | connected to signal <RegWrite>      | high     |
    |     addrA          | connected to signal <WriteReg>      |          |
    |     diA            | connected to signal <WriteData>     |          |
    -----------------------------------------------------------------------
    | Port B                                                              |
    |     aspect ratio   | 32-word x 64-bit                    |          |
    |     addrB          | connected to signal <Read2>         |          |
    |     doB            | connected to signal <Data2>         |          |
    -----------------------------------------------------------------------
Unit <registerfile> synthesized (advanced).

=========================================================================
Advanced HDL Synthesis Report

Macro Statistics
# RAMs                                                 : 2
 32x64-bit dual-port distributed RAM                   : 2
# Adders/Subtractors                                   : 2
 64-bit adder                                          : 1
 64-bit subtractor                                     : 1

=========================================================================

=========================================================================
*                         Low Level Synthesis                           *
=========================================================================

Optimizing unit <RFandALUwithRTypeSupport> ...

Optimizing unit <LEGv8> ...

Mapping all equations...
Building and optimizing final netlist ...
Found area constraint ratio of 100 (+ 5) on block RFandALUwithRTypeSupport, actual ratio is 0.

Final Macro Processing ...

=========================================================================
Final Register Report

Found no macro
=========================================================================

=========================================================================
*                           Partition Report                            *
=========================================================================

Partition Implementation Status
-------------------------------

  No Partitions were found in this design.

-------------------------------

=========================================================================
*                            Design Summary                             *
=========================================================================

Top Level Output File Name         : RFandALUwithRTypeSupport.ngc

Primitive and Black Box Usage:
------------------------------
# BELS                             : 610
#      GND                         : 1
#      LUT2                        : 132
#      LUT3                        : 2
#      LUT4                        : 1
#      LUT5                        : 2
#      LUT6                        : 206
#      MUXCY                       : 137
#      VCC                         : 1
#      XORCY                       : 128
# RAMS                             : 28
#      RAM32M                      : 20
#      RAM32X1D                    : 8
# Clock Buffers                    : 1
#      BUFGP                       : 1
# IO Buffers                       : 158
#      IBUF                        : 93
#      OBUF                        : 65

Device utilization summary:
---------------------------

Selected Device : xa7a100tcsg324-2i 


Slice Logic Utilization: 
 Number of Slice LUTs:                  439  out of  63400     0%  
    Number used as Logic:               343  out of  63400     0%  
    Number used as Memory:               96  out of  19000     0%  
       Number used as RAM:               96

Slice Logic Distribution: 
 Number of LUT Flip Flop pairs used:    439
   Number with an unused Flip Flop:     439  out of    439   100%  
   Number with an unused LUT:             0  out of    439     0%  
   Number of fully used LUT-FF pairs:     0  out of    439     0%  
   Number of unique control sets:         0

IO Utilization: 
 Number of IOs:                         159
 Number of bonded IOBs:                 159  out of    210    75%  

Specific Feature Utilization:
 Number of BUFG/BUFGCTRLs:                1  out of     32     3%  

---------------------------
Partition Resource Summary:
---------------------------

  No Partitions were found in this design.

---------------------------


=========================================================================
Timing Report

NOTE: THESE TIMING NUMBERS ARE ONLY A SYNTHESIS ESTIMATE.
      FOR ACCURATE TIMING INFORMATION PLEASE REFER TO THE TRACE REPORT
      GENERATED AFTER PLACE-and-ROUTE.

Clock Information:
------------------
-----------------------------------+------------------------+-------+
Clock Signal                       | Clock buffer(FF name)  | Load  |
-----------------------------------+------------------------+-------+
clock                              | BUFGP                  | 28    |
-----------------------------------+------------------------+-------+

Asynchronous Control Signals Information:
----------------------------------------
No asynchronous control signals found in this design

Timing Summary:
---------------
Speed Grade: -2

   Minimum period: No path found
   Minimum input arrival time before clock: 0.877ns
   Maximum output required time after clock: 6.830ns
   Maximum combinational path delay: 6.254ns

Timing Details:
---------------
All values displayed in nanoseconds (ns)

=========================================================================
Timing constraint: Default OFFSET IN BEFORE for Clock 'clock'
  Total number of paths / destination ports: 336 / 336
-------------------------------------------------------------------------
Offset:              0.877ns (Levels of Logic = 1)
  Source:            RegWrite (PAD)
  Destination:       Lab3a/Mram_RF12 (RAM)
  Destination Clock: clock rising

  Data Path: RegWrite to Lab3a/Mram_RF12
                                Gate     Net
    Cell:in->out      fanout   Delay   Delay  Logical Name (Net Name)
    ----------------------------------------  ------------
     IBUF:I->O            28   0.001   0.468  RegWrite_IBUF (RegWrite_IBUF)
     RAM32M:WE                 0.408          Lab3a/Mram_RF12
    ----------------------------------------
    Total                      0.877ns (0.409ns logic, 0.468ns route)
                                       (46.6% logic, 53.4% route)

=========================================================================
Timing constraint: Default OFFSET OUT AFTER for Clock 'clock'
  Total number of paths / destination ports: 25344 / 65
-------------------------------------------------------------------------
Offset:              6.830ns (Levels of Logic = 65)
  Source:            Lab3a/Mram_RF1 (RAM)
  Destination:       Zero (PAD)
  Source Clock:      clock rising

  Data Path: Lab3a/Mram_RF1 to Zero
                                Gate     Net
    Cell:in->out      fanout   Delay   Delay  Logical Name (Net Name)
    ----------------------------------------  ------------
     RAM32M:WCLK->DOA0     4   1.345   0.456  Lab3a/Mram_RF1 (A<0>)
     LUT2:I0->O            1   0.097   0.000  Lab2/Lab1a/Msub_A[63]_B[63]_sub_5_OUT_lut<0> (Lab2/Lab1a/Msub_A[63]_B[63]_sub_5_OUT_lut<0>)
     MUXCY:S->O            1   0.353   0.000  Lab2/Lab1a/Msub_A[63]_B[63]_sub_5_OUT_cy<0> (Lab2/Lab1a/Msub_A[63]_B[63]_sub_5_OUT_cy<0>)
     MUXCY:CI->O           1   0.023   0.000  Lab2/Lab1a/Msub_A[63]_B[63]_sub_5_OUT_cy<1> (Lab2/Lab1a/Msub_A[63]_B[63]_sub_5_OUT_cy<1>)
     MUXCY:CI->O           1   0.023   0.000  Lab2/Lab1a/Msub_A[63]_B[63]_sub_5_OUT_cy<2> (Lab2/Lab1a/Msub_A[63]_B[63]_sub_5_OUT_cy<2>)
     MUXCY:CI->O           1   0.023   0.000  Lab2/Lab1a/Msub_A[63]_B[63]_sub_5_OUT_cy<3> (Lab2/Lab1a/Msub_A[63]_B[63]_sub_5_OUT_cy<3>)
     MUXCY:CI->O           1   0.023   0.000  Lab2/Lab1a/Msub_A[63]_B[63]_sub_5_OUT_cy<4> (Lab2/Lab1a/Msub_A[63]_B[63]_sub_5_OUT_cy<4>)
     MUXCY:CI->O           1   0.023   0.000  Lab2/Lab1a/Msub_A[63]_B[63]_sub_5_OUT_cy<5> (Lab2/Lab1a/Msub_A[63]_B[63]_sub_5_OUT_cy<5>)
     MUXCY:CI->O           1   0.023   0.000  Lab2/Lab1a/Msub_A[63]_B[63]_sub_5_OUT_cy<6> (Lab2/Lab1a/Msub_A[63]_B[63]_sub_5_OUT_cy<6>)
     MUXCY:CI->O           1   0.023   0.000  Lab2/Lab1a/Msub_A[63]_B[63]_sub_5_OUT_cy<7> (Lab2/Lab1a/Msub_A[63]_B[63]_sub_5_OUT_cy<7>)
     MUXCY:CI->O           1   0.023   0.000  Lab2/Lab1a/Msub_A[63]_B[63]_sub_5_OUT_cy<8> (Lab2/Lab1a/Msub_A[63]_B[63]_sub_5_OUT_cy<8>)
     MUXCY:CI->O           1   0.023   0.000  Lab2/Lab1a/Msub_A[63]_B[63]_sub_5_OUT_cy<9> (Lab2/Lab1a/Msub_A[63]_B[63]_sub_5_OUT_cy<9>)
     MUXCY:CI->O           1   0.023   0.000  Lab2/Lab1a/Msub_A[63]_B[63]_sub_5_OUT_cy<10> (Lab2/Lab1a/Msub_A[63]_B[63]_sub_5_OUT_cy<10>)
     MUXCY:CI->O           1   0.023   0.000  Lab2/Lab1a/Msub_A[63]_B[63]_sub_5_OUT_cy<11> (Lab2/Lab1a/Msub_A[63]_B[63]_sub_5_OUT_cy<11>)
     MUXCY:CI->O           1   0.023   0.000  Lab2/Lab1a/Msub_A[63]_B[63]_sub_5_OUT_cy<12> (Lab2/Lab1a/Msub_A[63]_B[63]_sub_5_OUT_cy<12>)
     MUXCY:CI->O           1   0.023   0.000  Lab2/Lab1a/Msub_A[63]_B[63]_sub_5_OUT_cy<13> (Lab2/Lab1a/Msub_A[63]_B[63]_sub_5_OUT_cy<13>)
     MUXCY:CI->O           1   0.023   0.000  Lab2/Lab1a/Msub_A[63]_B[63]_sub_5_OUT_cy<14> (Lab2/Lab1a/Msub_A[63]_B[63]_sub_5_OUT_cy<14>)
     MUXCY:CI->O           1   0.023   0.000  Lab2/Lab1a/Msub_A[63]_B[63]_sub_5_OUT_cy<15> (Lab2/Lab1a/Msub_A[63]_B[63]_sub_5_OUT_cy<15>)
     MUXCY:CI->O           1   0.023   0.000  Lab2/Lab1a/Msub_A[63]_B[63]_sub_5_OUT_cy<16> (Lab2/Lab1a/Msub_A[63]_B[63]_sub_5_OUT_cy<16>)
     MUXCY:CI->O           1   0.023   0.000  Lab2/Lab1a/Msub_A[63]_B[63]_sub_5_OUT_cy<17> (Lab2/Lab1a/Msub_A[63]_B[63]_sub_5_OUT_cy<17>)
     MUXCY:CI->O           1   0.023   0.000  Lab2/Lab1a/Msub_A[63]_B[63]_sub_5_OUT_cy<18> (Lab2/Lab1a/Msub_A[63]_B[63]_sub_5_OUT_cy<18>)
     MUXCY:CI->O           1   0.023   0.000  Lab2/Lab1a/Msub_A[63]_B[63]_sub_5_OUT_cy<19> (Lab2/Lab1a/Msub_A[63]_B[63]_sub_5_OUT_cy<19>)
     MUXCY:CI->O           1   0.023   0.000  Lab2/Lab1a/Msub_A[63]_B[63]_sub_5_OUT_cy<20> (Lab2/Lab1a/Msub_A[63]_B[63]_sub_5_OUT_cy<20>)
     MUXCY:CI->O           1   0.023   0.000  Lab2/Lab1a/Msub_A[63]_B[63]_sub_5_OUT_cy<21> (Lab2/Lab1a/Msub_A[63]_B[63]_sub_5_OUT_cy<21>)
     MUXCY:CI->O           1   0.023   0.000  Lab2/Lab1a/Msub_A[63]_B[63]_sub_5_OUT_cy<22> (Lab2/Lab1a/Msub_A[63]_B[63]_sub_5_OUT_cy<22>)
     MUXCY:CI->O           1   0.023   0.000  Lab2/Lab1a/Msub_A[63]_B[63]_sub_5_OUT_cy<23> (Lab2/Lab1a/Msub_A[63]_B[63]_sub_5_OUT_cy<23>)
     MUXCY:CI->O           1   0.023   0.000  Lab2/Lab1a/Msub_A[63]_B[63]_sub_5_OUT_cy<24> (Lab2/Lab1a/Msub_A[63]_B[63]_sub_5_OUT_cy<24>)
     MUXCY:CI->O           1   0.023   0.000  Lab2/Lab1a/Msub_A[63]_B[63]_sub_5_OUT_cy<25> (Lab2/Lab1a/Msub_A[63]_B[63]_sub_5_OUT_cy<25>)
     MUXCY:CI->O           1   0.023   0.000  Lab2/Lab1a/Msub_A[63]_B[63]_sub_5_OUT_cy<26> (Lab2/Lab1a/Msub_A[63]_B[63]_sub_5_OUT_cy<26>)
     MUXCY:CI->O           1   0.023   0.000  Lab2/Lab1a/Msub_A[63]_B[63]_sub_5_OUT_cy<27> (Lab2/Lab1a/Msub_A[63]_B[63]_sub_5_OUT_cy<27>)
     MUXCY:CI->O           1   0.023   0.000  Lab2/Lab1a/Msub_A[63]_B[63]_sub_5_OUT_cy<28> (Lab2/Lab1a/Msub_A[63]_B[63]_sub_5_OUT_cy<28>)
     MUXCY:CI->O           1   0.023   0.000  Lab2/Lab1a/Msub_A[63]_B[63]_sub_5_OUT_cy<29> (Lab2/Lab1a/Msub_A[63]_B[63]_sub_5_OUT_cy<29>)
     MUXCY:CI->O           1   0.023   0.000  Lab2/Lab1a/Msub_A[63]_B[63]_sub_5_OUT_cy<30> (Lab2/Lab1a/Msub_A[63]_B[63]_sub_5_OUT_cy<30>)
     MUXCY:CI->O           1   0.023   0.000  Lab2/Lab1a/Msub_A[63]_B[63]_sub_5_OUT_cy<31> (Lab2/Lab1a/Msub_A[63]_B[63]_sub_5_OUT_cy<31>)
     MUXCY:CI->O           1   0.023   0.000  Lab2/Lab1a/Msub_A[63]_B[63]_sub_5_OUT_cy<32> (Lab2/Lab1a/Msub_A[63]_B[63]_sub_5_OUT_cy<32>)
     MUXCY:CI->O           1   0.023   0.000  Lab2/Lab1a/Msub_A[63]_B[63]_sub_5_OUT_cy<33> (Lab2/Lab1a/Msub_A[63]_B[63]_sub_5_OUT_cy<33>)
     MUXCY:CI->O           1   0.023   0.000  Lab2/Lab1a/Msub_A[63]_B[63]_sub_5_OUT_cy<34> (Lab2/Lab1a/Msub_A[63]_B[63]_sub_5_OUT_cy<34>)
     MUXCY:CI->O           1   0.023   0.000  Lab2/Lab1a/Msub_A[63]_B[63]_sub_5_OUT_cy<35> (Lab2/Lab1a/Msub_A[63]_B[63]_sub_5_OUT_cy<35>)
     MUXCY:CI->O           1   0.023   0.000  Lab2/Lab1a/Msub_A[63]_B[63]_sub_5_OUT_cy<36> (Lab2/Lab1a/Msub_A[63]_B[63]_sub_5_OUT_cy<36>)
     MUXCY:CI->O           1   0.023   0.000  Lab2/Lab1a/Msub_A[63]_B[63]_sub_5_OUT_cy<37> (Lab2/Lab1a/Msub_A[63]_B[63]_sub_5_OUT_cy<37>)
     MUXCY:CI->O           1   0.023   0.000  Lab2/Lab1a/Msub_A[63]_B[63]_sub_5_OUT_cy<38> (Lab2/Lab1a/Msub_A[63]_B[63]_sub_5_OUT_cy<38>)
     MUXCY:CI->O           1   0.023   0.000  Lab2/Lab1a/Msub_A[63]_B[63]_sub_5_OUT_cy<39> (Lab2/Lab1a/Msub_A[63]_B[63]_sub_5_OUT_cy<39>)
     MUXCY:CI->O           1   0.023   0.000  Lab2/Lab1a/Msub_A[63]_B[63]_sub_5_OUT_cy<40> (Lab2/Lab1a/Msub_A[63]_B[63]_sub_5_OUT_cy<40>)
     MUXCY:CI->O           1   0.023   0.000  Lab2/Lab1a/Msub_A[63]_B[63]_sub_5_OUT_cy<41> (Lab2/Lab1a/Msub_A[63]_B[63]_sub_5_OUT_cy<41>)
     MUXCY:CI->O           1   0.023   0.000  Lab2/Lab1a/Msub_A[63]_B[63]_sub_5_OUT_cy<42> (Lab2/Lab1a/Msub_A[63]_B[63]_sub_5_OUT_cy<42>)
     MUXCY:CI->O           1   0.023   0.000  Lab2/Lab1a/Msub_A[63]_B[63]_sub_5_OUT_cy<43> (Lab2/Lab1a/Msub_A[63]_B[63]_sub_5_OUT_cy<43>)
     MUXCY:CI->O           1   0.023   0.000  Lab2/Lab1a/Msub_A[63]_B[63]_sub_5_OUT_cy<44> (Lab2/Lab1a/Msub_A[63]_B[63]_sub_5_OUT_cy<44>)
     MUXCY:CI->O           1   0.023   0.000  Lab2/Lab1a/Msub_A[63]_B[63]_sub_5_OUT_cy<45> (Lab2/Lab1a/Msub_A[63]_B[63]_sub_5_OUT_cy<45>)
     MUXCY:CI->O           1   0.023   0.000  Lab2/Lab1a/Msub_A[63]_B[63]_sub_5_OUT_cy<46> (Lab2/Lab1a/Msub_A[63]_B[63]_sub_5_OUT_cy<46>)
     MUXCY:CI->O           1   0.023   0.000  Lab2/Lab1a/Msub_A[63]_B[63]_sub_5_OUT_cy<47> (Lab2/Lab1a/Msub_A[63]_B[63]_sub_5_OUT_cy<47>)
     MUXCY:CI->O           1   0.023   0.000  Lab2/Lab1a/Msub_A[63]_B[63]_sub_5_OUT_cy<48> (Lab2/Lab1a/Msub_A[63]_B[63]_sub_5_OUT_cy<48>)
     XORCY:CI->O           1   0.370   0.571  Lab2/Lab1a/Msub_A[63]_B[63]_sub_5_OUT_xor<49> (Lab2/Lab1a/A[63]_B[63]_sub_5_OUT<49>)
     LUT6:I3->O            1   0.097   0.355  Lab2/Lab1a/ALU_Result<49>2 (Lab2/Lab1a/ALU_Result<49>1)
     LUT6:I5->O            2   0.097   0.758  Lab2/Lab1a/ALU_Result<49>4 (ALU_Result_49_OBUF)
     LUT6:I0->O            1   0.097   0.000  Lab2/Lab1a/Zero<63>_wg_lut<1> (Lab2/Lab1a/Zero<63>_wg_lut<1>)
     MUXCY:S->O            1   0.353   0.000  Lab2/Lab1a/Zero<63>_wg_cy<1> (Lab2/Lab1a/Zero<63>_wg_cy<1>)
     MUXCY:CI->O           1   0.023   0.000  Lab2/Lab1a/Zero<63>_wg_cy<2> (Lab2/Lab1a/Zero<63>_wg_cy<2>)
     MUXCY:CI->O           1   0.023   0.000  Lab2/Lab1a/Zero<63>_wg_cy<3> (Lab2/Lab1a/Zero<63>_wg_cy<3>)
     MUXCY:CI->O           1   0.023   0.000  Lab2/Lab1a/Zero<63>_wg_cy<4> (Lab2/Lab1a/Zero<63>_wg_cy<4>)
     MUXCY:CI->O           1   0.023   0.000  Lab2/Lab1a/Zero<63>_wg_cy<5> (Lab2/Lab1a/Zero<63>_wg_cy<5>)
     MUXCY:CI->O           1   0.023   0.000  Lab2/Lab1a/Zero<63>_wg_cy<6> (Lab2/Lab1a/Zero<63>_wg_cy<6>)
     MUXCY:CI->O           1   0.023   0.000  Lab2/Lab1a/Zero<63>_wg_cy<7> (Lab2/Lab1a/Zero<63>_wg_cy<7>)
     MUXCY:CI->O           1   0.023   0.000  Lab2/Lab1a/Zero<63>_wg_cy<8> (Lab2/Lab1a/Zero<63>_wg_cy<8>)
     MUXCY:CI->O           1   0.023   0.000  Lab2/Lab1a/Zero<63>_wg_cy<9> (Lab2/Lab1a/Zero<63>_wg_cy<9>)
     MUXCY:CI->O           1   0.253   0.339  Lab2/Lab1a/Zero<63>_wg_cy<10> (Zero_OBUF)
     OBUF:I->O                 0.000          Zero_OBUF (Zero)
    ----------------------------------------
    Total                      6.830ns (4.350ns logic, 2.480ns route)
                                       (63.7% logic, 36.3% route)

=========================================================================
Timing constraint: Default path analysis
  Total number of paths / destination ports: 145792 / 65
-------------------------------------------------------------------------
Delay:               6.254ns (Levels of Logic = 67)
  Source:            Read1<4> (PAD)
  Destination:       Zero (PAD)

  Data Path: Read1<4> to Zero
                                Gate     Net
    Cell:in->out      fanout   Delay   Delay  Logical Name (Net Name)
    ----------------------------------------  ------------
     IBUF:I->O            34   0.001   0.469  Read1_4_IBUF (Read1_4_IBUF)
     RAM32M:ADDRA4->DOA0    4   0.299   0.456  Lab3a/Mram_RF1 (A<0>)
     LUT2:I0->O            1   0.097   0.000  Lab2/Lab1a/Msub_A[63]_B[63]_sub_5_OUT_lut<0> (Lab2/Lab1a/Msub_A[63]_B[63]_sub_5_OUT_lut<0>)
     MUXCY:S->O            1   0.353   0.000  Lab2/Lab1a/Msub_A[63]_B[63]_sub_5_OUT_cy<0> (Lab2/Lab1a/Msub_A[63]_B[63]_sub_5_OUT_cy<0>)
     MUXCY:CI->O           1   0.023   0.000  Lab2/Lab1a/Msub_A[63]_B[63]_sub_5_OUT_cy<1> (Lab2/Lab1a/Msub_A[63]_B[63]_sub_5_OUT_cy<1>)
     MUXCY:CI->O           1   0.023   0.000  Lab2/Lab1a/Msub_A[63]_B[63]_sub_5_OUT_cy<2> (Lab2/Lab1a/Msub_A[63]_B[63]_sub_5_OUT_cy<2>)
     MUXCY:CI->O           1   0.023   0.000  Lab2/Lab1a/Msub_A[63]_B[63]_sub_5_OUT_cy<3> (Lab2/Lab1a/Msub_A[63]_B[63]_sub_5_OUT_cy<3>)
     MUXCY:CI->O           1   0.023   0.000  Lab2/Lab1a/Msub_A[63]_B[63]_sub_5_OUT_cy<4> (Lab2/Lab1a/Msub_A[63]_B[63]_sub_5_OUT_cy<4>)
     MUXCY:CI->O           1   0.023   0.000  Lab2/Lab1a/Msub_A[63]_B[63]_sub_5_OUT_cy<5> (Lab2/Lab1a/Msub_A[63]_B[63]_sub_5_OUT_cy<5>)
     MUXCY:CI->O           1   0.023   0.000  Lab2/Lab1a/Msub_A[63]_B[63]_sub_5_OUT_cy<6> (Lab2/Lab1a/Msub_A[63]_B[63]_sub_5_OUT_cy<6>)
     MUXCY:CI->O           1   0.023   0.000  Lab2/Lab1a/Msub_A[63]_B[63]_sub_5_OUT_cy<7> (Lab2/Lab1a/Msub_A[63]_B[63]_sub_5_OUT_cy<7>)
     MUXCY:CI->O           1   0.023   0.000  Lab2/Lab1a/Msub_A[63]_B[63]_sub_5_OUT_cy<8> (Lab2/Lab1a/Msub_A[63]_B[63]_sub_5_OUT_cy<8>)
     MUXCY:CI->O           1   0.023   0.000  Lab2/Lab1a/Msub_A[63]_B[63]_sub_5_OUT_cy<9> (Lab2/Lab1a/Msub_A[63]_B[63]_sub_5_OUT_cy<9>)
     MUXCY:CI->O           1   0.023   0.000  Lab2/Lab1a/Msub_A[63]_B[63]_sub_5_OUT_cy<10> (Lab2/Lab1a/Msub_A[63]_B[63]_sub_5_OUT_cy<10>)
     MUXCY:CI->O           1   0.023   0.000  Lab2/Lab1a/Msub_A[63]_B[63]_sub_5_OUT_cy<11> (Lab2/Lab1a/Msub_A[63]_B[63]_sub_5_OUT_cy<11>)
     MUXCY:CI->O           1   0.023   0.000  Lab2/Lab1a/Msub_A[63]_B[63]_sub_5_OUT_cy<12> (Lab2/Lab1a/Msub_A[63]_B[63]_sub_5_OUT_cy<12>)
     MUXCY:CI->O           1   0.023   0.000  Lab2/Lab1a/Msub_A[63]_B[63]_sub_5_OUT_cy<13> (Lab2/Lab1a/Msub_A[63]_B[63]_sub_5_OUT_cy<13>)
     MUXCY:CI->O           1   0.023   0.000  Lab2/Lab1a/Msub_A[63]_B[63]_sub_5_OUT_cy<14> (Lab2/Lab1a/Msub_A[63]_B[63]_sub_5_OUT_cy<14>)
     MUXCY:CI->O           1   0.023   0.000  Lab2/Lab1a/Msub_A[63]_B[63]_sub_5_OUT_cy<15> (Lab2/Lab1a/Msub_A[63]_B[63]_sub_5_OUT_cy<15>)
     MUXCY:CI->O           1   0.023   0.000  Lab2/Lab1a/Msub_A[63]_B[63]_sub_5_OUT_cy<16> (Lab2/Lab1a/Msub_A[63]_B[63]_sub_5_OUT_cy<16>)
     MUXCY:CI->O           1   0.023   0.000  Lab2/Lab1a/Msub_A[63]_B[63]_sub_5_OUT_cy<17> (Lab2/Lab1a/Msub_A[63]_B[63]_sub_5_OUT_cy<17>)
     MUXCY:CI->O           1   0.023   0.000  Lab2/Lab1a/Msub_A[63]_B[63]_sub_5_OUT_cy<18> (Lab2/Lab1a/Msub_A[63]_B[63]_sub_5_OUT_cy<18>)
     MUXCY:CI->O           1   0.023   0.000  Lab2/Lab1a/Msub_A[63]_B[63]_sub_5_OUT_cy<19> (Lab2/Lab1a/Msub_A[63]_B[63]_sub_5_OUT_cy<19>)
     MUXCY:CI->O           1   0.023   0.000  Lab2/Lab1a/Msub_A[63]_B[63]_sub_5_OUT_cy<20> (Lab2/Lab1a/Msub_A[63]_B[63]_sub_5_OUT_cy<20>)
     MUXCY:CI->O           1   0.023   0.000  Lab2/Lab1a/Msub_A[63]_B[63]_sub_5_OUT_cy<21> (Lab2/Lab1a/Msub_A[63]_B[63]_sub_5_OUT_cy<21>)
     MUXCY:CI->O           1   0.023   0.000  Lab2/Lab1a/Msub_A[63]_B[63]_sub_5_OUT_cy<22> (Lab2/Lab1a/Msub_A[63]_B[63]_sub_5_OUT_cy<22>)
     MUXCY:CI->O           1   0.023   0.000  Lab2/Lab1a/Msub_A[63]_B[63]_sub_5_OUT_cy<23> (Lab2/Lab1a/Msub_A[63]_B[63]_sub_5_OUT_cy<23>)
     MUXCY:CI->O           1   0.023   0.000  Lab2/Lab1a/Msub_A[63]_B[63]_sub_5_OUT_cy<24> (Lab2/Lab1a/Msub_A[63]_B[63]_sub_5_OUT_cy<24>)
     MUXCY:CI->O           1   0.023   0.000  Lab2/Lab1a/Msub_A[63]_B[63]_sub_5_OUT_cy<25> (Lab2/Lab1a/Msub_A[63]_B[63]_sub_5_OUT_cy<25>)
     MUXCY:CI->O           1   0.023   0.000  Lab2/Lab1a/Msub_A[63]_B[63]_sub_5_OUT_cy<26> (Lab2/Lab1a/Msub_A[63]_B[63]_sub_5_OUT_cy<26>)
     MUXCY:CI->O           1   0.023   0.000  Lab2/Lab1a/Msub_A[63]_B[63]_sub_5_OUT_cy<27> (Lab2/Lab1a/Msub_A[63]_B[63]_sub_5_OUT_cy<27>)
     MUXCY:CI->O           1   0.023   0.000  Lab2/Lab1a/Msub_A[63]_B[63]_sub_5_OUT_cy<28> (Lab2/Lab1a/Msub_A[63]_B[63]_sub_5_OUT_cy<28>)
     MUXCY:CI->O           1   0.023   0.000  Lab2/Lab1a/Msub_A[63]_B[63]_sub_5_OUT_cy<29> (Lab2/Lab1a/Msub_A[63]_B[63]_sub_5_OUT_cy<29>)
     MUXCY:CI->O           1   0.023   0.000  Lab2/Lab1a/Msub_A[63]_B[63]_sub_5_OUT_cy<30> (Lab2/Lab1a/Msub_A[63]_B[63]_sub_5_OUT_cy<30>)
     MUXCY:CI->O           1   0.023   0.000  Lab2/Lab1a/Msub_A[63]_B[63]_sub_5_OUT_cy<31> (Lab2/Lab1a/Msub_A[63]_B[63]_sub_5_OUT_cy<31>)
     MUXCY:CI->O           1   0.023   0.000  Lab2/Lab1a/Msub_A[63]_B[63]_sub_5_OUT_cy<32> (Lab2/Lab1a/Msub_A[63]_B[63]_sub_5_OUT_cy<32>)
     MUXCY:CI->O           1   0.023   0.000  Lab2/Lab1a/Msub_A[63]_B[63]_sub_5_OUT_cy<33> (Lab2/Lab1a/Msub_A[63]_B[63]_sub_5_OUT_cy<33>)
     MUXCY:CI->O           1   0.023   0.000  Lab2/Lab1a/Msub_A[63]_B[63]_sub_5_OUT_cy<34> (Lab2/Lab1a/Msub_A[63]_B[63]_sub_5_OUT_cy<34>)
     MUXCY:CI->O           1   0.023   0.000  Lab2/Lab1a/Msub_A[63]_B[63]_sub_5_OUT_cy<35> (Lab2/Lab1a/Msub_A[63]_B[63]_sub_5_OUT_cy<35>)
     MUXCY:CI->O           1   0.023   0.000  Lab2/Lab1a/Msub_A[63]_B[63]_sub_5_OUT_cy<36> (Lab2/Lab1a/Msub_A[63]_B[63]_sub_5_OUT_cy<36>)
     MUXCY:CI->O           1   0.023   0.000  Lab2/Lab1a/Msub_A[63]_B[63]_sub_5_OUT_cy<37> (Lab2/Lab1a/Msub_A[63]_B[63]_sub_5_OUT_cy<37>)
     MUXCY:CI->O           1   0.023   0.000  Lab2/Lab1a/Msub_A[63]_B[63]_sub_5_OUT_cy<38> (Lab2/Lab1a/Msub_A[63]_B[63]_sub_5_OUT_cy<38>)
     MUXCY:CI->O           1   0.023   0.000  Lab2/Lab1a/Msub_A[63]_B[63]_sub_5_OUT_cy<39> (Lab2/Lab1a/Msub_A[63]_B[63]_sub_5_OUT_cy<39>)
     MUXCY:CI->O           1   0.023   0.000  Lab2/Lab1a/Msub_A[63]_B[63]_sub_5_OUT_cy<40> (Lab2/Lab1a/Msub_A[63]_B[63]_sub_5_OUT_cy<40>)
     MUXCY:CI->O           1   0.023   0.000  Lab2/Lab1a/Msub_A[63]_B[63]_sub_5_OUT_cy<41> (Lab2/Lab1a/Msub_A[63]_B[63]_sub_5_OUT_cy<41>)
     MUXCY:CI->O           1   0.023   0.000  Lab2/Lab1a/Msub_A[63]_B[63]_sub_5_OUT_cy<42> (Lab2/Lab1a/Msub_A[63]_B[63]_sub_5_OUT_cy<42>)
     MUXCY:CI->O           1   0.023   0.000  Lab2/Lab1a/Msub_A[63]_B[63]_sub_5_OUT_cy<43> (Lab2/Lab1a/Msub_A[63]_B[63]_sub_5_OUT_cy<43>)
     MUXCY:CI->O           1   0.023   0.000  Lab2/Lab1a/Msub_A[63]_B[63]_sub_5_OUT_cy<44> (Lab2/Lab1a/Msub_A[63]_B[63]_sub_5_OUT_cy<44>)
     MUXCY:CI->O           1   0.023   0.000  Lab2/Lab1a/Msub_A[63]_B[63]_sub_5_OUT_cy<45> (Lab2/Lab1a/Msub_A[63]_B[63]_sub_5_OUT_cy<45>)
     MUXCY:CI->O           1   0.023   0.000  Lab2/Lab1a/Msub_A[63]_B[63]_sub_5_OUT_cy<46> (Lab2/Lab1a/Msub_A[63]_B[63]_sub_5_OUT_cy<46>)
     MUXCY:CI->O           1   0.023   0.000  Lab2/Lab1a/Msub_A[63]_B[63]_sub_5_OUT_cy<47> (Lab2/Lab1a/Msub_A[63]_B[63]_sub_5_OUT_cy<47>)
     MUXCY:CI->O           1   0.023   0.000  Lab2/Lab1a/Msub_A[63]_B[63]_sub_5_OUT_cy<48> (Lab2/Lab1a/Msub_A[63]_B[63]_sub_5_OUT_cy<48>)
     XORCY:CI->O           1   0.370   0.571  Lab2/Lab1a/Msub_A[63]_B[63]_sub_5_OUT_xor<49> (Lab2/Lab1a/A[63]_B[63]_sub_5_OUT<49>)
     LUT6:I3->O            1   0.097   0.355  Lab2/Lab1a/ALU_Result<49>2 (Lab2/Lab1a/ALU_Result<49>1)
     LUT6:I5->O            2   0.097   0.758  Lab2/Lab1a/ALU_Result<49>4 (ALU_Result_49_OBUF)
     LUT6:I0->O            1   0.097   0.000  Lab2/Lab1a/Zero<63>_wg_lut<1> (Lab2/Lab1a/Zero<63>_wg_lut<1>)
     MUXCY:S->O            1   0.353   0.000  Lab2/Lab1a/Zero<63>_wg_cy<1> (Lab2/Lab1a/Zero<63>_wg_cy<1>)
     MUXCY:CI->O           1   0.023   0.000  Lab2/Lab1a/Zero<63>_wg_cy<2> (Lab2/Lab1a/Zero<63>_wg_cy<2>)
     MUXCY:CI->O           1   0.023   0.000  Lab2/Lab1a/Zero<63>_wg_cy<3> (Lab2/Lab1a/Zero<63>_wg_cy<3>)
     MUXCY:CI->O           1   0.023   0.000  Lab2/Lab1a/Zero<63>_wg_cy<4> (Lab2/Lab1a/Zero<63>_wg_cy<4>)
     MUXCY:CI->O           1   0.023   0.000  Lab2/Lab1a/Zero<63>_wg_cy<5> (Lab2/Lab1a/Zero<63>_wg_cy<5>)
     MUXCY:CI->O           1   0.023   0.000  Lab2/Lab1a/Zero<63>_wg_cy<6> (Lab2/Lab1a/Zero<63>_wg_cy<6>)
     MUXCY:CI->O           1   0.023   0.000  Lab2/Lab1a/Zero<63>_wg_cy<7> (Lab2/Lab1a/Zero<63>_wg_cy<7>)
     MUXCY:CI->O           1   0.023   0.000  Lab2/Lab1a/Zero<63>_wg_cy<8> (Lab2/Lab1a/Zero<63>_wg_cy<8>)
     MUXCY:CI->O           1   0.023   0.000  Lab2/Lab1a/Zero<63>_wg_cy<9> (Lab2/Lab1a/Zero<63>_wg_cy<9>)
     MUXCY:CI->O           1   0.253   0.339  Lab2/Lab1a/Zero<63>_wg_cy<10> (Zero_OBUF)
     OBUF:I->O                 0.000          Zero_OBUF (Zero)
    ----------------------------------------
    Total                      6.254ns (3.305ns logic, 2.949ns route)
                                       (52.8% logic, 47.2% route)

=========================================================================

Cross Clock Domains Report:
--------------------------

=========================================================================


Total REAL time to Xst completion: 40.00 secs
Total CPU time to Xst completion: 39.84 secs
 
--> 

Total memory usage is 609196 kilobytes

Number of errors   :    0 (   0 filtered)
Number of warnings :    1 (   0 filtered)
Number of infos    :    2 (   0 filtered)

