Running: D:\Xilinx\14.7\ISE_DS\ISE\bin\nt64\unwrapped\fuse.exe -intstyle ise -incremental -lib unisims_ver -lib unimacro_ver -lib xilinxcorelib_ver -lib secureip -o D:/Workspace/CECS-341/Lab5C-PCIMID/Top5C_Tester_isim_beh.exe -prj D:/Workspace/CECS-341/Lab5C-PCIMID/Top5C_Tester_beh.prj work.Top5C_Tester work.glbl 
ISim P.20131013 (signature 0x7708f090)
Number of CPUs detected in this system: 8
Turning on mult-threading, number of parallel sub-compilation jobs: 16 
Determining compilation order of HDL files
Analyzing Verilog file "D:/Workspace/CECS-341/Lab5C-PCIMID/PC.v" into library work
Analyzing Verilog file "D:/Workspace/CECS-341/Lab5C-PCIMID/InstructionMemory.v" into library work
Analyzing Verilog file "D:/Workspace/CECS-341/Lab5C-PCIMID/InstructionDecoder.v" into library work
Analyzing Verilog file "D:/Workspace/CECS-341/Lab5C-PCIMID/Top5C.v" into library work
Analyzing Verilog file "D:/Workspace/CECS-341/Lab5C-PCIMID/Top5C_Tester.v" into library work
Analyzing Verilog file "D:/Xilinx/14.7/ISE_DS/ISE//verilog/src/glbl.v" into library work
Starting static elaboration
Completed static elaboration
Compiling module PC
Compiling module InstructionDecoder
Compiling module InstructionMemory
Compiling module Top5C
Compiling module Top5C_Tester
Compiling module glbl
Time Resolution for simulation is 1ps.
Waiting for 1 sub-compilation(s) to finish...
Compiled 6 Verilog Units
Built simulation executable D:/Workspace/CECS-341/Lab5C-PCIMID/Top5C_Tester_isim_beh.exe
Fuse Memory Usage: 31772 KB
Fuse CPU Usage: 421 ms
